Line 128: Class MSComctlLib.StatusBar of control StatusBar1 was not a loaded control class.
Line 176: Class MSComctlLib.ListView of control lstTelefones was not a loaded control class.
Line 242: Class MSComctlLib.ImageList of control ImageList1 was not a loaded control class.
Line 340: Class MSComctlLib.Toolbar of control Toolbar1 was not a loaded control class.
Line 419: Class ChamaleonButton.ChameleonBtn of control btnLimpar was not a loaded control class.
Line 135: The property name _ExtentX in StatusBar1 is invalid.
Line 136: The property name _ExtentY in StatusBar1 is invalid.
Line 137: The property name SimpleText in StatusBar1 is invalid.
Line 138: The property name _Version in StatusBar1 is invalid.
Line 165: The property name Panels in StatusBar1 is invalid.
Line 182: The property name _ExtentX in lstTelefones is invalid.
Line 183: The property name _ExtentY in lstTelefones is invalid.
Line 184: The property name SortKey in lstTelefones is invalid.
Line 185: The property name View in lstTelefones is invalid.
Line 186: The property name LabelEdit in lstTelefones is invalid.
Line 187: The property name SortOrder in lstTelefones is invalid.
Line 188: The property name LabelWrap in lstTelefones is invalid.
Line 189: The property name HideSelection in lstTelefones is invalid.
Line 190: The property name FullRowSelect in lstTelefones is invalid.
Line 191: The property name GridLines in lstTelefones is invalid.
Line 192: The property name _Version in lstTelefones is invalid.
Line 206: The property name NumItems in lstTelefones is invalid.
Line 210: The property name ColumnHeader(1) in lstTelefones is invalid.
Line 215: The property name ColumnHeader(2) in lstTelefones is invalid.
Line 220: The property name ColumnHeader(3) in lstTelefones is invalid.
Line 225: The property name ColumnHeader(4) in lstTelefones is invalid.
Line 230: The property name ColumnHeader(5) in lstTelefones is invalid.
Line 235: The property name ColumnHeader(6) in lstTelefones is invalid.
Line 240: The property name ColumnHeader(7) in lstTelefones is invalid.
Line 245: The property name _ExtentX in ImageList1 is invalid.
Line 246: The property name _ExtentY in ImageList1 is invalid.
Line 248: The property name ImageWidth in ImageList1 is invalid.
Line 249: The property name ImageHeight in ImageList1 is invalid.
Line 250: The property name MaskColor in ImageList1 is invalid.
Line 251: The property name _Version in ImageList1 is invalid.
Line 338: The property name Images in ImageList1 is invalid.
Line 347: The property name _ExtentX in Toolbar1 is invalid.
Line 348: The property name _ExtentY in Toolbar1 is invalid.
Line 349: The property name ButtonWidth in Toolbar1 is invalid.
Line 350: The property name ButtonHeight in Toolbar1 is invalid.
Line 351: The property name AllowCustomize in Toolbar1 is invalid.
Line 352: The property name Style in Toolbar1 is invalid.
Line 353: The property name ImageList in Toolbar1 is invalid.
Line 354: The property name _Version in Toolbar1 is invalid.
Line 417: The property name Buttons in Toolbar1 is invalid.
Line 425: The property name _ExtentX in btnLimpar is invalid.
Line 426: The property name _ExtentY in btnLimpar is invalid.
Line 427: The property name BTYPE in btnLimpar is invalid.
Line 428: The property name TX in btnLimpar is invalid.
Line 429: The property name ENAB in btnLimpar is invalid.
Line 439: The property name COLTYPE in btnLimpar is invalid.
Line 440: The property name FOCUSR in btnLimpar is invalid.
Line 441: The property name BCOL in btnLimpar is invalid.
Line 442: The property name BCOLO in btnLimpar is invalid.
Line 443: The property name FCOL in btnLimpar is invalid.
Line 444: The property name FCOLO in btnLimpar is invalid.
Line 445: The property name MCOL in btnLimpar is invalid.
Line 446: The property name MPTR in btnLimpar is invalid.
Line 447: The property name MICON in btnLimpar is invalid.
Line 448: The property name PICN in btnLimpar is invalid.
Line 449: The property name UMCOL in btnLimpar is invalid.
Line 450: The property name SOFT in btnLimpar is invalid.
Line 451: The property name PICPOS in btnLimpar is invalid.
Line 452: The property name NGREY in btnLimpar is invalid.
Line 453: The property name FX in btnLimpar is invalid.
Line 454: The property name HAND in btnLimpar is invalid.
Line 455: The property name CHECK in btnLimpar is invalid.
Line 456: The property name VALUE in btnLimpar is invalid.
